2025-01-20 15:35:26,744 STREAM b'IHDR' 16 13
2025-01-20 15:35:26,744 STREAM b'sRGB' 41 1
2025-01-20 15:35:26,744 STREAM b'gAMA' 54 4
2025-01-20 15:35:26,744 STREAM b'IDAT' 70 65466
2025-01-20 15:35:26,760 STREAM b'IHDR' 16 13
2025-01-20 15:35:26,760 STREAM b'cHRM' 41 32
2025-01-20 15:35:26,760 STREAM b'PLTE' 85 429
2025-01-20 15:35:26,760 STREAM b'tRNS' 526 83
2025-01-20 15:35:26,760 STREAM b'bKGD' 621 1
2025-01-20 15:35:26,760 b'bKGD' 621 1 (unknown)
2025-01-20 15:35:26,760 STREAM b'pHYs' 634 9
2025-01-20 15:35:26,760 STREAM b'tIME' 655 7
2025-01-20 15:35:26,760 b'tIME' 655 7 (unknown)
2025-01-20 15:35:26,760 STREAM b'IDAT' 674 444
2025-01-20 15:35:26,761 STREAM b'tEXt' 1130 37
2025-01-20 15:35:26,761 STREAM b'tEXt' 1179 37
2025-01-20 15:35:26,761 STREAM b'tEXt' 1228 40
2025-01-20 15:36:50,621 STREAM b'IHDR' 16 13
2025-01-20 15:36:50,621 STREAM b'cHRM' 41 32
2025-01-20 15:36:50,621 STREAM b'PLTE' 85 429
2025-01-20 15:36:50,622 STREAM b'tRNS' 526 83
2025-01-20 15:36:50,622 STREAM b'bKGD' 621 1
2025-01-20 15:36:50,622 b'bKGD' 621 1 (unknown)
2025-01-20 15:36:50,622 STREAM b'pHYs' 634 9
2025-01-20 15:36:50,622 STREAM b'tIME' 655 7
2025-01-20 15:36:50,622 b'tIME' 655 7 (unknown)
2025-01-20 15:36:50,622 STREAM b'IDAT' 674 444
2025-01-20 15:36:50,622 STREAM b'tEXt' 1130 37
2025-01-20 15:36:50,622 STREAM b'tEXt' 1179 37
2025-01-20 15:36:50,622 STREAM b'tEXt' 1228 40
2025-01-20 15:37:53,059 STREAM b'IHDR' 16 13
2025-01-20 15:37:53,060 STREAM b'cHRM' 41 32
2025-01-20 15:37:53,060 STREAM b'PLTE' 85 429
2025-01-20 15:37:53,060 STREAM b'tRNS' 526 83
2025-01-20 15:37:53,060 STREAM b'bKGD' 621 1
2025-01-20 15:37:53,060 b'bKGD' 621 1 (unknown)
2025-01-20 15:37:53,060 STREAM b'pHYs' 634 9
2025-01-20 15:37:53,060 STREAM b'tIME' 655 7
2025-01-20 15:37:53,060 b'tIME' 655 7 (unknown)
2025-01-20 15:37:53,060 STREAM b'IDAT' 674 444
2025-01-20 15:37:53,060 STREAM b'tEXt' 1130 37
2025-01-20 15:37:53,060 STREAM b'tEXt' 1179 37
2025-01-20 15:37:53,060 STREAM b'tEXt' 1228 40
2025-01-20 15:38:55,459 STREAM b'IHDR' 16 13
2025-01-20 15:38:55,459 STREAM b'cHRM' 41 32
2025-01-20 15:38:55,459 STREAM b'PLTE' 85 429
2025-01-20 15:38:55,459 STREAM b'tRNS' 526 83
2025-01-20 15:38:55,459 STREAM b'bKGD' 621 1
2025-01-20 15:38:55,460 b'bKGD' 621 1 (unknown)
2025-01-20 15:38:55,460 STREAM b'pHYs' 634 9
2025-01-20 15:38:55,460 STREAM b'tIME' 655 7
2025-01-20 15:38:55,460 b'tIME' 655 7 (unknown)
2025-01-20 15:38:55,460 STREAM b'IDAT' 674 444
2025-01-20 15:38:55,460 STREAM b'tEXt' 1130 37
2025-01-20 15:38:55,460 STREAM b'tEXt' 1179 37
2025-01-20 15:38:55,460 STREAM b'tEXt' 1228 40
2025-01-20 15:39:57,837 STREAM b'IHDR' 16 13
2025-01-20 15:39:57,837 STREAM b'cHRM' 41 32
2025-01-20 15:39:57,837 STREAM b'PLTE' 85 429
2025-01-20 15:39:57,837 STREAM b'tRNS' 526 83
2025-01-20 15:39:57,837 STREAM b'bKGD' 621 1
2025-01-20 15:39:57,837 b'bKGD' 621 1 (unknown)
2025-01-20 15:39:57,837 STREAM b'pHYs' 634 9
2025-01-20 15:39:57,837 STREAM b'tIME' 655 7
2025-01-20 15:39:57,837 b'tIME' 655 7 (unknown)
2025-01-20 15:39:57,837 STREAM b'IDAT' 674 444
2025-01-20 15:39:57,837 STREAM b'tEXt' 1130 37
2025-01-20 15:39:57,837 STREAM b'tEXt' 1179 37
2025-01-20 15:39:57,837 STREAM b'tEXt' 1228 40
2025-01-20 15:41:00,198 STREAM b'IHDR' 16 13
2025-01-20 15:41:00,198 STREAM b'cHRM' 41 32
2025-01-20 15:41:00,198 STREAM b'PLTE' 85 429
2025-01-20 15:41:00,198 STREAM b'tRNS' 526 83
2025-01-20 15:41:00,198 STREAM b'bKGD' 621 1
2025-01-20 15:41:00,198 b'bKGD' 621 1 (unknown)
2025-01-20 15:41:00,198 STREAM b'pHYs' 634 9
2025-01-20 15:41:00,198 STREAM b'tIME' 655 7
2025-01-20 15:41:00,198 b'tIME' 655 7 (unknown)
2025-01-20 15:41:00,198 STREAM b'IDAT' 674 444
2025-01-20 15:41:00,198 STREAM b'tEXt' 1130 37
2025-01-20 15:41:00,199 STREAM b'tEXt' 1179 37
2025-01-20 15:41:00,199 STREAM b'tEXt' 1228 40
2025-01-20 15:42:01,567 STREAM b'IHDR' 16 13
2025-01-20 15:42:01,568 STREAM b'cHRM' 41 32
2025-01-20 15:42:01,568 STREAM b'PLTE' 85 429
2025-01-20 15:42:01,568 STREAM b'tRNS' 526 83
2025-01-20 15:42:01,568 STREAM b'bKGD' 621 1
2025-01-20 15:42:01,568 b'bKGD' 621 1 (unknown)
2025-01-20 15:42:01,568 STREAM b'pHYs' 634 9
2025-01-20 15:42:01,568 STREAM b'tIME' 655 7
2025-01-20 15:42:01,568 b'tIME' 655 7 (unknown)
2025-01-20 15:42:01,568 STREAM b'IDAT' 674 444
2025-01-20 15:42:01,568 STREAM b'tEXt' 1130 37
2025-01-20 15:42:01,569 STREAM b'tEXt' 1179 37
2025-01-20 15:42:01,569 STREAM b'tEXt' 1228 40
2025-01-20 15:43:02,078 STREAM b'IHDR' 16 13
2025-01-20 15:43:02,078 STREAM b'cHRM' 41 32
2025-01-20 15:43:02,079 STREAM b'PLTE' 85 429
2025-01-20 15:43:02,079 STREAM b'tRNS' 526 83
2025-01-20 15:43:02,079 STREAM b'bKGD' 621 1
2025-01-20 15:43:02,079 b'bKGD' 621 1 (unknown)
2025-01-20 15:43:02,079 STREAM b'pHYs' 634 9
2025-01-20 15:43:02,079 STREAM b'tIME' 655 7
2025-01-20 15:43:02,079 b'tIME' 655 7 (unknown)
2025-01-20 15:43:02,079 STREAM b'IDAT' 674 444
2025-01-20 15:43:02,079 STREAM b'tEXt' 1130 37
2025-01-20 15:43:02,079 STREAM b'tEXt' 1179 37
2025-01-20 15:43:02,079 STREAM b'tEXt' 1228 40
2025-01-20 15:44:02,396 STREAM b'IHDR' 16 13
2025-01-20 15:44:02,396 STREAM b'cHRM' 41 32
2025-01-20 15:44:02,396 STREAM b'PLTE' 85 429
2025-01-20 15:44:02,396 STREAM b'tRNS' 526 83
2025-01-20 15:44:02,396 STREAM b'bKGD' 621 1
2025-01-20 15:44:02,396 b'bKGD' 621 1 (unknown)
2025-01-20 15:44:02,396 STREAM b'pHYs' 634 9
2025-01-20 15:44:02,396 STREAM b'tIME' 655 7
2025-01-20 15:44:02,396 b'tIME' 655 7 (unknown)
2025-01-20 15:44:02,396 STREAM b'IDAT' 674 444
2025-01-20 15:44:02,397 STREAM b'tEXt' 1130 37
2025-01-20 15:44:02,397 STREAM b'tEXt' 1179 37
2025-01-20 15:44:02,397 STREAM b'tEXt' 1228 40
2025-01-20 15:45:03,838 STREAM b'IHDR' 16 13
2025-01-20 15:45:03,838 STREAM b'cHRM' 41 32
2025-01-20 15:45:03,838 STREAM b'PLTE' 85 429
2025-01-20 15:45:03,838 STREAM b'tRNS' 526 83
2025-01-20 15:45:03,838 STREAM b'bKGD' 621 1
2025-01-20 15:45:03,838 b'bKGD' 621 1 (unknown)
2025-01-20 15:45:03,838 STREAM b'pHYs' 634 9
2025-01-20 15:45:03,838 STREAM b'tIME' 655 7
2025-01-20 15:45:03,838 b'tIME' 655 7 (unknown)
2025-01-20 15:45:03,839 STREAM b'IDAT' 674 444
2025-01-20 15:45:03,839 STREAM b'tEXt' 1130 37
2025-01-20 15:45:03,839 STREAM b'tEXt' 1179 37
2025-01-20 15:45:03,839 STREAM b'tEXt' 1228 40
2025-01-20 15:46:04,243 STREAM b'IHDR' 16 13
2025-01-20 15:46:04,243 STREAM b'cHRM' 41 32
2025-01-20 15:46:04,243 STREAM b'PLTE' 85 429
2025-01-20 15:46:04,244 STREAM b'tRNS' 526 83
2025-01-20 15:46:04,244 STREAM b'bKGD' 621 1
2025-01-20 15:46:04,244 b'bKGD' 621 1 (unknown)
2025-01-20 15:46:04,244 STREAM b'pHYs' 634 9
2025-01-20 15:46:04,244 STREAM b'tIME' 655 7
2025-01-20 15:46:04,244 b'tIME' 655 7 (unknown)
2025-01-20 15:46:04,244 STREAM b'IDAT' 674 444
2025-01-20 15:46:04,244 STREAM b'tEXt' 1130 37
2025-01-20 15:46:04,244 STREAM b'tEXt' 1179 37
2025-01-20 15:46:04,244 STREAM b'tEXt' 1228 40
2025-01-20 15:47:04,758 STREAM b'IHDR' 16 13
2025-01-20 15:47:04,759 STREAM b'cHRM' 41 32
2025-01-20 15:47:04,759 STREAM b'PLTE' 85 429
2025-01-20 15:47:04,759 STREAM b'tRNS' 526 83
2025-01-20 15:47:04,759 STREAM b'bKGD' 621 1
2025-01-20 15:47:04,759 b'bKGD' 621 1 (unknown)
2025-01-20 15:47:04,759 STREAM b'pHYs' 634 9
2025-01-20 15:47:04,759 STREAM b'tIME' 655 7
2025-01-20 15:47:04,759 b'tIME' 655 7 (unknown)
2025-01-20 15:47:04,759 STREAM b'IDAT' 674 444
2025-01-20 15:47:04,759 STREAM b'tEXt' 1130 37
2025-01-20 15:47:04,759 STREAM b'tEXt' 1179 37
2025-01-20 15:47:04,759 STREAM b'tEXt' 1228 40
